<?xml version="1.0" encoding="UTF-8"?>
<!-- Generated by org.testng.reporters.JUnitReportReporter -->
<testsuite hostname="DESKTOP-KLH8Q24" failures="0" tests="2" name="QA.Proyectos.Login" time="27.845" errors="0" timestamp="2022-08-16T21:47:02 ART" skipped="0">
  <testcase classname="QA.Proyectos.Login" name="loginOk" time="14.755"/>
  <system-out/>
  <testcase classname="QA.Proyectos.Login" name="loginNoOK" time="13.090"/>
  <system-out/>
</testsuite> <!-- QA.Proyectos.Login -->
