<?xml version="1.0" encoding="UTF-8"?>
<!-- Generated by org.testng.reporters.JUnitReportReporter -->
<testsuite hostname="DESKTOP-KLH8Q24" failures="0" tests="2" name="TestLogin.Login" time="15.979" errors="0" timestamp="2022-08-20T19:55:46 ART" skipped="0">
  <testcase classname="TestLogin.Login" name="loginOk" time="11.280"/>
  <system-out/>
  <testcase classname="TestLogin.Login" name="loginNoOK" time="4.699"/>
  <system-out/>
</testsuite> <!-- TestLogin.Login -->
