<?xml version="1.0" encoding="UTF-8"?>
<!-- Generated by org.testng.reporters.JUnitReportReporter -->
<testsuite hostname="DESKTOP-KLH8Q24" failures="0" tests="2" name="TestLogin.Login" time="8.233" errors="0" timestamp="2022-08-17T11:41:18 ART" skipped="0">
  <testcase classname="TestLogin.Login" name="loginOk" time="5.018"/>
  <system-out/>
  <testcase classname="TestLogin.Login" name="loginNoOK" time="3.215"/>
  <system-out/>
</testsuite> <!-- TestLogin.Login -->
