<?xml version="1.0" encoding="UTF-8"?>
<!-- Generated by org.testng.reporters.JUnitReportReporter -->
<testsuite hostname="DESKTOP-KLH8Q24" failures="0" tests="7" name="testLogin.Login" time="41.521" errors="0" timestamp="2022-09-06T18:38:58 ART" skipped="0">
  <testcase classname="testLogin.Login" name="loginOk" time="3.771"/>
  <system-out/>
  <testcase classname="testLogin.Login" name="loginOk" time="8.923"/>
  <system-out/>
  <testcase classname="testLogin.Login" name="loginOk" time="5.777"/>
  <system-out/>
  <testcase classname="testLogin.Login" name="loginOk" time="8.163"/>
  <system-out/>
  <testcase classname="testLogin.Login" name="loginOk" time="5.756"/>
  <system-out/>
  <testcase classname="testLogin.Login" name="loginOk" time="3.431"/>
  <system-out/>
  <testcase classname="testLogin.Login" name="loginOk" time="5.700"/>
  <system-out/>
</testsuite> <!-- testLogin.Login -->
