<?xml version="1.0" encoding="UTF-8"?>
<!-- Generated by org.testng.reporters.JUnitReportReporter -->
<testsuite hostname="DESKTOP-KLH8Q24" failures="0" tests="3" name="testLogin.Test_Login_Failed" time="9.737" errors="0" timestamp="2022-08-21T20:57:34 ART" skipped="0">
  <testcase classname="testLogin.Test_Login_Failed" name="signUpEmpty" time="0.334"/>
  <system-out/>
  <testcase classname="testLogin.Test_Login_Failed" name="alreadyRegisteredEmpty" time="6.042"/>
  <system-out/>
  <testcase classname="testLogin.Test_Login_Failed" name="alreadyRegisteredFailed" time="3.361"/>
  <system-out/>
</testsuite> <!-- testLogin.Test_Login_Failed -->
