<?xml version="1.0" encoding="UTF-8"?>
<!-- Generated by org.testng.reporters.JUnitReportReporter -->
<testsuite hostname="DESKTOP-KLH8Q24" failures="0" tests="3" name="Test_Register.User.Test_Login_Failed" time="3.936" errors="0" timestamp="2022-08-20T23:27:11 ART" skipped="0">
  <testcase classname="Test_Register.User.Test_Login_Failed" name="signUpEmpty" time="0.190"/>
  <system-out/>
  <testcase classname="Test_Register.User.Test_Login_Failed" name="alreadyRegisteredEmpty" time="1.608"/>
  <system-out/>
  <testcase classname="Test_Register.User.Test_Login_Failed" name="alreadyRegisteredFailed" time="2.138"/>
  <system-out/>
</testsuite> <!-- Test_Register.User.Test_Login_Failed -->
