<?xml version="1.0" encoding="UTF-8"?>
<!-- Generated by org.testng.reporters.JUnitReportReporter -->
<testsuite hostname="DESKTOP-KLH8Q24" failures="0" tests="6" name="testLogin.Test_Failed" time="7.053" errors="0" timestamp="2022-08-21T22:59:24 ART" skipped="0">
  <testcase classname="testLogin.Test_Failed" name="signUpEmpty" time="0.329"/>
  <system-out/>
  <testcase classname="testLogin.Test_Failed" name="signUpEmpty" time="0.190"/>
  <system-out/>
  <testcase classname="testLogin.Test_Failed" name="alreadyRegisteredEmpty" time="1.449"/>
  <system-out/>
  <testcase classname="testLogin.Test_Failed" name="alreadyRegisteredEmpty" time="1.449"/>
  <system-out/>
  <testcase classname="testLogin.Test_Failed" name="alreadyRegisteredFailed" time="1.705"/>
  <system-out/>
  <testcase classname="testLogin.Test_Failed" name="alreadyRegisteredFailed" time="1.931"/>
  <system-out/>
</testsuite> <!-- testLogin.Test_Failed -->
