<?xml version="1.0" encoding="UTF-8"?>
<!-- Generated by org.testng.reporters.JUnitReportReporter -->
<testsuite hostname="DESKTOP-KLH8Q24" failures="0" tests="1" name="Test_Register.User.Register_User" time="2.976" errors="0" timestamp="2022-08-20T23:19:21 ART" skipped="0">
  <testcase classname="Test_Register.User.Register_User" name="signUp" time="2.976"/>
  <system-out/>
</testsuite> <!-- Test_Register.User.Register_User -->
